2024-06-16T15:30:35+00:00 DEBUG POST: https://ads.tiktok.com/marketing_api/api/developer/app/create_auto_approve/

{"business_platform":"PROD","smb_id":"tt4b_woocommerce_666f051bda64ahttplocalhostwebbanhangwp-admin","smb_name":"PROD","redirect_url":"http:\/\/localhost\/webbanhang\/wp-admin\/"}
 ajax: no
2024-06-16T15:30:36+00:00 DEBUG Tt4b_Mapi_Class::create_open_source_app: Response: 

HTTP/1.1 200 OK
Content-Type: application/json
X-Tt-Logid: 202406161530350CC50B96BF4A9DE48F1A,202406161530350CC50B96BF4A9DE48F1A
Strict-Transport-Security: max-age=31536000; includeSubDomains
x-tt-trace-host: 016b1aca3c662da6dbfc162ffbe1abdcbdc97eccda069652b4a4296277ee9561f5557230939d8fb71009645c5a462bf517c1c46f9387a6a2ff11a5206a52bcb4d980fef1c5c9b3f6b15293abe5f8226fce65165fd8921ccdd3d003f53f4aba39c7927416ca9cdffc014e8230447678b768
x-tt-trace-id: 00-2406161530350CC50B96BF4A9DE48F1A-1E35E1C66F4F65BC-00
Server: TLB
Content-Encoding: gzip
Content-Length: 207
X-Origin-Response-Time: 54,23.54.158.213
X-Akamai-Request-ID: 210fef5e.55d0b6a1
Date: Sun, 16 Jun 2024 15:30:37 GMT
X-Cache: TCP_MISS from a113-171-12-189.deploy.akamaitechnologies.com (AkamaiGHost/11.5.2-56372494) (-)
Connection: close
Vary: Accept-Encoding
X-Cache-Remote: TCP_MISS from a23-54-158-213.deploy.akamaitechnologies.com (AkamaiGHost/11.5.2-56372494) (-)
x-tt-trace-tag: id=16;cdn-cache=miss;type=dyn
Server-Timing: cdn-cache; desc=MISS, edge; dur=44, origin; dur=54
Server-Timing: inner; dur=49
X-Parent-Response-Time: 96,113.171.12.189

{"code":0,"msg":"ok","data":{"app_secret":"327a60f0d77da3b0c419a2b199223f74061343a0","app_id":"7381123936211173393","external_data_key":"d17bb317-6ed4-490f-af8f-82f6ac160019","redirect_uri":"http:\/\/localhost\/webbanhang\/wp-admin\/"}}

